<?xml version="1.0" encoding="UTF-8"?>
<!-- Generated by org.testng.reporters.JUnitXMLReporter -->
<testsuite hostname="PAC-PF1T29X" name="Command line test" tests="4" failures="0" timestamp="12 Jan 2017 04:41:21 GMT" time="50.926" errors="0">
  <testcase name="testHomePageBuy" time="12.936" classname="com.domain.HomePageTest"/>
  <testcase name="testHomePageNewHomes" time="4.654" classname="com.domain.HomePageTest"/>
  <testcase name="testHomePageRent" time="7.045" classname="com.domain.HomePageTest"/>
  <testcase name="testHomePageSold" time="7.399" classname="com.domain.HomePageTest"/>
</testsuite> <!-- Command line test -->
