<?xml version="1.0" encoding="UTF-8"?>
<testng-results skipped="0" failed="0" total="4" passed="4">
  <reporter-output>
  </reporter-output>
  <suite name="nicole test suite" duration-ms="36639" started-at="2017-01-11T05:10:35Z" finished-at="2017-01-11T05:11:11Z">
    <groups>
    </groups>
    <test name="Domain test" duration-ms="36639" started-at="2017-01-11T05:10:35Z" finished-at="2017-01-11T05:11:11Z">
      <class name="com.domain.HomePageTest">
        <test-method status="PASS" signature="setup()[pri:0, instance:com.domain.HomePageTest@66d33a]" name="setup" is-config="true" duration-ms="12123" started-at="2017-01-11T16:10:35Z" finished-at="2017-01-11T16:10:47Z">
          <reporter-output>
          </reporter-output>
        </test-method> <!-- setup -->
        <test-method status="PASS" signature="testHomePageBuy()[pri:0, instance:com.domain.HomePageTest@66d33a]" name="testHomePageBuy" duration-ms="10766" started-at="2017-01-11T16:10:47Z" finished-at="2017-01-11T16:10:58Z">
          <reporter-output>
          </reporter-output>
        </test-method> <!-- testHomePageBuy -->
        <test-method status="PASS" signature="testHomePageNewHomes()[pri:0, instance:com.domain.HomePageTest@66d33a]" name="testHomePageNewHomes" duration-ms="5303" started-at="2017-01-11T16:10:58Z" finished-at="2017-01-11T16:11:03Z">
          <reporter-output>
          </reporter-output>
        </test-method> <!-- testHomePageNewHomes -->
        <test-method status="PASS" signature="testHomePageRent()[pri:0, instance:com.domain.HomePageTest@66d33a]" name="testHomePageRent" duration-ms="2314" started-at="2017-01-11T16:11:03Z" finished-at="2017-01-11T16:11:05Z">
          <reporter-output>
          </reporter-output>
        </test-method> <!-- testHomePageRent -->
        <test-method status="PASS" signature="testHomePageSold()[pri:0, instance:com.domain.HomePageTest@66d33a]" name="testHomePageSold" duration-ms="4614" started-at="2017-01-11T16:11:05Z" finished-at="2017-01-11T16:11:10Z">
          <reporter-output>
          </reporter-output>
        </test-method> <!-- testHomePageSold -->
        <test-method status="PASS" signature="tearDown()[pri:0, instance:com.domain.HomePageTest@66d33a]" name="tearDown" is-config="true" duration-ms="1507" started-at="2017-01-11T16:11:10Z" finished-at="2017-01-11T16:11:11Z">
          <reporter-output>
          </reporter-output>
        </test-method> <!-- tearDown -->
      </class> <!-- com.domain.HomePageTest -->
    </test> <!-- Domain test -->
  </suite> <!-- nicole test suite -->
</testng-results>
